[07/26/2022 20:05:20] Debug: Session id: a7240866-2cfb-4734-98b0-9734c6d2f33a
[07/26/2022 20:05:20] Debug: Code Processor information: Name :SnowConvert, Version: 7.11.13.0
[07/26/2022 20:05:21] Debug: Getting license
[07/26/2022 20:05:21] Debug: License information
	Status: Failed
	Message: No active license available.
[07/26/2022 20:05:21] Info: Starting to validate parameters
[07/26/2022 20:05:21] Info: Parameters to validate: 
	Execution mode: Conversion
	LICENSE_KEY: a3372138-b87e-4a08-b929-3b48b24c63f1
[07/26/2022 20:05:21] Info: Validation of parameters: Success
[07/26/2022 20:05:21] Debug: Getting code descriptor
[07/26/2022 20:05:21] Debug: Code descriptor information
	Units: 51
	Units type: LOC
	All file bytes: 2141
	All found extensions: .sql,.dml,.ddl,.bteq,.btq,.fl,.fload,.ml,.mload,.mld,.tp,.tpump,.tpt
[07/26/2022 20:05:21] Debug: Calculating fingerprint
[07/26/2022 20:05:21] Debug: Fingerprint information Fingerprint(size=2141,projects=1)
[07/26/2022 20:05:21] Info: Starting to try to validate online license for execution
[07/26/2022 20:05:22] Debug: Getting license
[07/26/2022 20:05:22] Debug: License information
	Status: Failed
	Message: No active license available.
[07/26/2022 20:05:22] Debug: Starting the execution of the controller
[07/26/2022 20:05:23] Debug: Executing the worker: SnowConvert
[07/26/2022 20:05:44] Debug: Finished executing the worker: SnowConvert
[07/26/2022 20:05:46] Info: Controller execution ended
